2017 Apr 05 Wed 09:31:39 INFO ==============
2017 Apr 05 Wed 09:31:39 INFO 接口名：userInfoServiceModifyUserIdentity
2017 Apr 05 Wed 09:44:10 INFO 参数：userId=a001;identity=哇哈;identityId=1
2017 Apr 05 Wed 09:44:10 INFO 相应报文：(200, {'message': '请求参数非法', 'detailMessage': 'level:may not be null;token:may not be null;', 'status': 'fail', 'datas': {}, 'code': '400', 'orderNo': 'NYGfYjgDlqJ5iPVdPINRPO'})
2017 Apr 05 Wed 09:44:10 INFO ==============
2017 Apr 05 Wed 09:46:55 INFO ==============
2017 Apr 05 Wed 09:46:55 INFO 接口名：userInfoServiceFindUserInfoByUserId
2017 Apr 05 Wed 09:47:00 INFO 参数：userId=a001
2017 Apr 05 Wed 09:47:00 INFO 相应报文：(200, {'message': '查询成功', 'detailMessage': '查询成功', 'status': 'success', 'datas': {'birthday': '2017-03-29 00:00:00', 'userId': 'a001', 'nickname': '4154', 'sex': 1, 'userType': 1, 'frozenState': 1, 'recommendId': 'a004', 'idcard': '100001', 'userPhone': '18375693021', 'updatetime': '2017-03-29 11:02:05', 'exceptionState': 1, 'realname': '张三', 'authenticationState': 0, 'registerTime': '2017-03-06 11:13:18'}, 'code': '200', 'orderNo': 'zUDh3wbOAZN8ThRi1yjhqi'})
2017 Apr 05 Wed 09:47:00 INFO ==============
2017 Apr 05 Wed 09:51:11 INFO ==============
2017 Apr 05 Wed 09:51:11 INFO 接口名：loginAndRegist
2017 Apr 05 Wed 09:56:23 INFO 参数：userPhone=12345678909;registerType=cl
2017 Apr 05 Wed 09:56:23 INFO 相应报文：(200, {'message': '参数格式错误', 'detailMessage': '参数registerType=cl,格式错误,需要的:Integer', 'status': 'fail', 'datas': {}, 'code': '408', 'orderNo': 'eJmufGsl8d1gcIXf8MT8L0'})
2017 Apr 05 Wed 09:56:23 INFO ==============
2017 Apr 05 Wed 10:27:26 INFO ==============
2017 Apr 05 Wed 10:27:26 INFO 接口名：loginAndRegist
2017 Apr 05 Wed 10:28:00 INFO 参数：userPhone=12345678909;registerType=SMS_RESETDEALPWD
2017 Apr 05 Wed 10:28:00 INFO 相应报文：(200, {'message': '参数格式错误', 'detailMessage': '参数registerType=SMS_RESETDEALPWD,格式错误,需要的:Integer', 'status': 'fail', 'datas': {}, 'code': '408', 'orderNo': '1KflPPzHsS0qNqnyILXlcM'})
2017 Apr 05 Wed 10:28:00 INFO ==============
2017 Apr 05 Wed 10:31:42 INFO ==============
2017 Apr 05 Wed 10:31:42 INFO 接口名：userPhone
2017 Apr 05 Wed 10:31:48 INFO 参数：dff
2017 Apr 05 Wed 10:31:57 INFO ==============
2017 Apr 05 Wed 10:31:57 INFO 接口名：loginByPassword
2017 Apr 05 Wed 10:32:17 INFO 参数：userPhone=18375693021;password=111111
2017 Apr 05 Wed 10:32:18 INFO 相应报文：(200, {'code': '200', 'message': '密码错误！', 'datas': {}, 'status': 'fail', 'orderNo': 'tvKCWDo2Yi1rlss4Xp6m9p', 'detailMessage': '密码错误！'})
2017 Apr 05 Wed 10:32:18 INFO ==============
2017 Apr 05 Wed 10:34:46 INFO ==============
2017 Apr 05 Wed 10:34:46 INFO 接口名：loginByPassword
2017 Apr 05 Wed 10:34:52 INFO 参数：userPhone=18375693021;password=1
2017 Apr 05 Wed 10:34:53 INFO 相应报文：(200, {'code': '200', 'message': '密码错误！', 'datas': {}, 'status': 'fail', 'orderNo': 'LyA10QoRkICnq4LBwndId4', 'detailMessage': '密码错误！'})
2017 Apr 05 Wed 10:34:53 INFO ==============
2017 Apr 05 Wed 10:34:56 INFO ==============
2017 Apr 05 Wed 10:34:56 INFO 接口名：loginByPassword
2017 Apr 05 Wed 10:35:25 INFO ==============
2017 Apr 05 Wed 10:35:25 INFO 接口名：loginByPassword
2017 Apr 05 Wed 10:35:48 INFO 参数：userPhone=18375693021;password=123456
2017 Apr 05 Wed 10:35:48 INFO 相应报文：(200, {'datas': {}, 'code': '200', 'detailMessage': '密码错误！', 'status': 'fail', 'message': '密码错误！', 'orderNo': '87qp9vuy0xZw3YFJ28KZq1'})
2017 Apr 05 Wed 10:35:48 INFO ==============
2017 Apr 05 Wed 10:44:32 INFO ==============
2017 Apr 05 Wed 10:44:32 INFO 接口名：userResetPwd
2017 Apr 05 Wed 10:45:24 INFO 参数：userId=a001;realname=张三;idcard=100001;pwdType=0
2017 Apr 05 Wed 10:45:24 INFO 相应报文：(200, {'datas': {'newPwd': '960220'}, 'code': '200', 'detailMessage': '重置密码成功', 'status': 'success', 'message': '重置密码成功', 'orderNo': 'J3coA33NTgud9bbKGrwAR7'})
2017 Apr 05 Wed 10:45:24 INFO ==============
2017 Apr 05 Wed 10:45:32 INFO ==============
2017 Apr 05 Wed 10:45:32 INFO 接口名：loginByPassword
2017 Apr 05 Wed 10:45:41 INFO 参数：userPhone=18375693021;password=960220
2017 Apr 05 Wed 10:45:42 INFO 相应报文：(200, {'datas': {'userInfoInfo': {'idcard': '100001', 'registerTime': '2017-03-06 11:13:18', 'updatetime': '2017-03-29 11:02:05', 'userId': 'a001', 'userType': 1, 'authenticationState': 0, 'nickname': '4154', 'sex': 1, 'exceptionState': 1, 'realname': '张三', 'frozenState': 1, 'identity': '哇哈', 'birthday': '2017-03-29 00:00:00', 'userPhone': '18375693021', 'recommendId': 'a004'}, 'token': '8bc97604e2ab0370652298cfbf3804cb'}, 'code': '200', 'detailMessage': '登陆成功！', 'status': 'success', 'message': '登陆成功！', 'orderNo': '8IMyrEm4KVKy6dq8yELRTT'})
2017 Apr 05 Wed 10:45:42 INFO ==============
